<?xml version="1.0" encoding="UTF-8"?>
<!-- Generated by org.testng.reporters.JUnitReportReporter -->
<testsuite hostname="DESKTOP-1RELSLQ" failures="0" tests="1" name="SerDeser.POST_JSON" time="2.484" errors="0" timestamp="4 Mar 2021 16:57:16 GMT">
  <testcase classname="SerDeser.POST_JSON" name="postRequest" time="2.484"/>
</testsuite> <!-- SerDeser.POST_JSON -->
