<?xml version="1.0" encoding="UTF-8"?>
<!-- Generated by org.testng.reporters.JUnitReportReporter -->
<testsuite hostname="DESKTOP-1RELSLQ" failures="0" tests="1" name="com.auth.BasicPreemptiveAuth" time="1.979" errors="0" timestamp="1 Mar 2021 13:50:22 GMT">
  <testcase classname="com.auth.BasicPreemptiveAuth" name="basicPreemtiveAuth" time="1.979"/>
</testsuite> <!-- com.auth.BasicPreemptiveAuth -->
